<?xml version="1.0" encoding="UTF-8"?>
<!-- Generated by org.testng.reporters.JUnitReportReporter -->
<testsuite hostname="LAPTOP-HHAP87N2" failures="0" tests="1" name="com.w2a.testcases.BankManagerLoginTest" time="0.577" errors="0" timestamp="2023-02-26T13:56:28 EST" skipped="0">
  <testcase classname="com.w2a.testcases.BankManagerLoginTest" name="loginAsBankManager" time="0.577"/>
  <system-out>
    <![CDATA[Login successfully executed]]>
  </system-out>
</testsuite> <!-- com.w2a.testcases.BankManagerLoginTest -->
