<?xml version="1.0" encoding="UTF-8"?>
<!-- Generated by org.testng.reporters.JUnitReportReporter -->
<testsuite hostname="LAPTOP-HHAP87N2" failures="0" tests="1" name="com.w2a.testcases.LoginTest" time="0.748" errors="0" timestamp="2023-02-25T13:06:05 EST" skipped="0">
  <testcase classname="com.w2a.testcases.LoginTest" name="loginAsBankManager" time="0.748"/>
  <system-out/>
</testsuite> <!-- com.w2a.testcases.LoginTest -->
