<?xml version="1.0" encoding="UTF-8"?>
<!-- Generated by org.testng.reporters.JUnitReportReporter -->
<testsuite hostname="LAPTOP-HHAP87N2" failures="0" tests="1" name="com.w2a.testcases.AddCustomerTest" time="0.607" errors="0" timestamp="2023-02-26T13:56:28 EST" skipped="0">
  <testcase classname="com.w2a.testcases.AddCustomerTest" name="addCustomer" time="0.607"/>
  <system-out>
    <![CDATA[New Customer Added Successfully]]>
  </system-out>
</testsuite> <!-- com.w2a.testcases.AddCustomerTest -->
